INFO [2024-12-05 13:15:10] [[1]]
INFO [2024-12-05 13:15:10] list(cPeaks = peaks, eQTL = eres4$genename)
INFO [2024-12-05 13:15:10] 
INFO [2024-12-05 13:15:10] $fill
INFO [2024-12-05 13:15:10] myCol
INFO [2024-12-05 13:15:10] 
INFO [2024-12-05 13:15:10] $alpha
INFO [2024-12-05 13:15:10] [1] 0.8
INFO [2024-12-05 13:15:10] 
INFO [2024-12-05 13:15:10] $filename
INFO [2024-12-05 13:15:10] [1] "docs/assets/ctwas_peaks_vs_gene.png"
INFO [2024-12-05 13:15:10] 
INFO [2024-12-05 13:15:10] $imagetype
INFO [2024-12-05 13:15:10] [1] "png"
INFO [2024-12-05 13:15:10] 
INFO [2024-12-05 13:15:10] $lty
INFO [2024-12-05 13:15:10] [1] "blank"
INFO [2024-12-05 13:15:10] 
INFO [2024-12-05 13:15:10] $cex
INFO [2024-12-05 13:15:10] [1] 3.5
INFO [2024-12-05 13:15:10] 
