INFO [2024-10-31 22:24:06] [[1]]
INFO [2024-10-31 22:24:06] list(cPeaks = peaks, eQTL = eres4$genename)
INFO [2024-10-31 22:24:06] 
INFO [2024-10-31 22:24:06] $fill
INFO [2024-10-31 22:24:06] myCol
INFO [2024-10-31 22:24:06] 
INFO [2024-10-31 22:24:06] $alpha
INFO [2024-10-31 22:24:06] [1] 0.8
INFO [2024-10-31 22:24:06] 
INFO [2024-10-31 22:24:06] $filename
INFO [2024-10-31 22:24:06] [1] "docs/assets/ctwas_peaks_vs_gene.png"
INFO [2024-10-31 22:24:06] 
INFO [2024-10-31 22:24:06] $imagetype
INFO [2024-10-31 22:24:06] [1] "png"
INFO [2024-10-31 22:24:06] 
INFO [2024-10-31 22:24:06] $lty
INFO [2024-10-31 22:24:06] [1] "blank"
INFO [2024-10-31 22:24:06] 
INFO [2024-10-31 22:24:06] $cex
INFO [2024-10-31 22:24:06] [1] 3.5
INFO [2024-10-31 22:24:06] 
