INFO [2024-12-05 23:46:20] [[1]]
INFO [2024-12-05 23:46:20] list(cPeaks = peaks, eQTL = eres4$genename)
INFO [2024-12-05 23:46:20] 
INFO [2024-12-05 23:46:20] $fill
INFO [2024-12-05 23:46:20] myCol
INFO [2024-12-05 23:46:20] 
INFO [2024-12-05 23:46:20] $alpha
INFO [2024-12-05 23:46:20] [1] 0.8
INFO [2024-12-05 23:46:20] 
INFO [2024-12-05 23:46:20] $filename
INFO [2024-12-05 23:46:20] [1] "docs/assets/ctwas_peaks_vs_gene.png"
INFO [2024-12-05 23:46:20] 
INFO [2024-12-05 23:46:20] $imagetype
INFO [2024-12-05 23:46:20] [1] "png"
INFO [2024-12-05 23:46:20] 
INFO [2024-12-05 23:46:20] $lty
INFO [2024-12-05 23:46:20] [1] "blank"
INFO [2024-12-05 23:46:20] 
INFO [2024-12-05 23:46:20] $cex
INFO [2024-12-05 23:46:20] [1] 3.5
INFO [2024-12-05 23:46:20] 
INFO [2024-12-05 23:46:20] [[1]]
INFO [2024-12-05 23:46:20] list(cPeaks = peaks, eQTL = eres4$genename)
INFO [2024-12-05 23:46:20] 
INFO [2024-12-05 23:46:20] $fill
INFO [2024-12-05 23:46:20] myCol
INFO [2024-12-05 23:46:20] 
INFO [2024-12-05 23:46:20] $alpha
INFO [2024-12-05 23:46:20] [1] 0.8
INFO [2024-12-05 23:46:20] 
INFO [2024-12-05 23:46:20] $filename
INFO [2024-12-05 23:46:20] [1] "docs/assets/ctwas_peaks_vs_gene.png"
INFO [2024-12-05 23:46:20] 
INFO [2024-12-05 23:46:20] $imagetype
INFO [2024-12-05 23:46:20] [1] "png"
INFO [2024-12-05 23:46:20] 
INFO [2024-12-05 23:46:20] $lty
INFO [2024-12-05 23:46:20] [1] "blank"
INFO [2024-12-05 23:46:20] 
INFO [2024-12-05 23:46:20] $cex
INFO [2024-12-05 23:46:20] [1] 3.5
INFO [2024-12-05 23:46:20] 
