INFO [2025-06-27 16:07:45] [[1]]
INFO [2025-06-27 16:07:45] list(cPeaks = peaks, eQTL = eres4$genename)
INFO [2025-06-27 16:07:45] 
INFO [2025-06-27 16:07:45] $fill
INFO [2025-06-27 16:07:45] myCol
INFO [2025-06-27 16:07:45] 
INFO [2025-06-27 16:07:45] $alpha
INFO [2025-06-27 16:07:45] [1] 0.8
INFO [2025-06-27 16:07:45] 
INFO [2025-06-27 16:07:45] $filename
INFO [2025-06-27 16:07:45] [1] "docs/assets/ctwas_peaks_vs_gene.png"
INFO [2025-06-27 16:07:45] 
INFO [2025-06-27 16:07:45] $imagetype
INFO [2025-06-27 16:07:45] [1] "png"
INFO [2025-06-27 16:07:45] 
INFO [2025-06-27 16:07:45] $lty
INFO [2025-06-27 16:07:45] [1] "blank"
INFO [2025-06-27 16:07:45] 
INFO [2025-06-27 16:07:45] $cex
INFO [2025-06-27 16:07:45] [1] 3.5
INFO [2025-06-27 16:07:45] 
