INFO [2024-12-11 15:32:14] [[1]]
INFO [2024-12-11 15:32:14] list(cPeaks = peaks, eQTL = eres4$genename)
INFO [2024-12-11 15:32:14] 
INFO [2024-12-11 15:32:14] $fill
INFO [2024-12-11 15:32:14] myCol
INFO [2024-12-11 15:32:14] 
INFO [2024-12-11 15:32:14] $alpha
INFO [2024-12-11 15:32:14] [1] 0.8
INFO [2024-12-11 15:32:14] 
INFO [2024-12-11 15:32:14] $filename
INFO [2024-12-11 15:32:14] [1] "docs/assets/ctwas_peaks_vs_gene.png"
INFO [2024-12-11 15:32:14] 
INFO [2024-12-11 15:32:14] $imagetype
INFO [2024-12-11 15:32:14] [1] "png"
INFO [2024-12-11 15:32:14] 
INFO [2024-12-11 15:32:14] $lty
INFO [2024-12-11 15:32:14] [1] "blank"
INFO [2024-12-11 15:32:14] 
INFO [2024-12-11 15:32:14] $cex
INFO [2024-12-11 15:32:14] [1] 3.5
INFO [2024-12-11 15:32:14] 
