INFO [2024-11-07 09:06:44] [[1]]
INFO [2024-11-07 09:06:44] list(cPeaks = peaks, eQTL = eres4$genename)
INFO [2024-11-07 09:06:44] 
INFO [2024-11-07 09:06:44] $fill
INFO [2024-11-07 09:06:44] myCol
INFO [2024-11-07 09:06:44] 
INFO [2024-11-07 09:06:44] $alpha
INFO [2024-11-07 09:06:44] [1] 0.8
INFO [2024-11-07 09:06:44] 
INFO [2024-11-07 09:06:44] $filename
INFO [2024-11-07 09:06:44] [1] "docs/assets/ctwas_peaks_vs_gene.png"
INFO [2024-11-07 09:06:44] 
INFO [2024-11-07 09:06:44] $imagetype
INFO [2024-11-07 09:06:44] [1] "png"
INFO [2024-11-07 09:06:44] 
INFO [2024-11-07 09:06:44] $lty
INFO [2024-11-07 09:06:44] [1] "blank"
INFO [2024-11-07 09:06:44] 
INFO [2024-11-07 09:06:44] $cex
INFO [2024-11-07 09:06:44] [1] 3.5
INFO [2024-11-07 09:06:44] 
