INFO [2024-11-06 23:28:54] [[1]]
INFO [2024-11-06 23:28:54] list(cPeaks = peaks, eQTL = eres4$genename)
INFO [2024-11-06 23:28:54] 
INFO [2024-11-06 23:28:54] $fill
INFO [2024-11-06 23:28:54] myCol
INFO [2024-11-06 23:28:54] 
INFO [2024-11-06 23:28:54] $alpha
INFO [2024-11-06 23:28:54] [1] 0.8
INFO [2024-11-06 23:28:54] 
INFO [2024-11-06 23:28:54] $filename
INFO [2024-11-06 23:28:54] [1] "docs/assets/ctwas_peaks_vs_gene.png"
INFO [2024-11-06 23:28:54] 
INFO [2024-11-06 23:28:54] $imagetype
INFO [2024-11-06 23:28:54] [1] "png"
INFO [2024-11-06 23:28:54] 
INFO [2024-11-06 23:28:54] $lty
INFO [2024-11-06 23:28:54] [1] "blank"
INFO [2024-11-06 23:28:54] 
INFO [2024-11-06 23:28:54] $cex
INFO [2024-11-06 23:28:54] [1] 3.5
INFO [2024-11-06 23:28:54] 
