INFO [2024-12-05 13:15:09] [[1]]
INFO [2024-12-05 13:15:09] list(cPeaks = peaks, eQTL = eres4$genename)
INFO [2024-12-05 13:15:09] 
INFO [2024-12-05 13:15:09] $fill
INFO [2024-12-05 13:15:09] myCol
INFO [2024-12-05 13:15:09] 
INFO [2024-12-05 13:15:09] $alpha
INFO [2024-12-05 13:15:09] [1] 0.8
INFO [2024-12-05 13:15:09] 
INFO [2024-12-05 13:15:09] $filename
INFO [2024-12-05 13:15:09] [1] "docs/assets/ctwas_peaks_vs_gene.png"
INFO [2024-12-05 13:15:09] 
INFO [2024-12-05 13:15:09] $imagetype
INFO [2024-12-05 13:15:09] [1] "png"
INFO [2024-12-05 13:15:09] 
INFO [2024-12-05 13:15:09] $lty
INFO [2024-12-05 13:15:09] [1] "blank"
INFO [2024-12-05 13:15:09] 
INFO [2024-12-05 13:15:09] $cex
INFO [2024-12-05 13:15:09] [1] 3.5
INFO [2024-12-05 13:15:09] 
