INFO [2024-12-06 13:49:34] [[1]]
INFO [2024-12-06 13:49:34] list(cPeaks = peaks, eQTL = eres4$genename)
INFO [2024-12-06 13:49:34] 
INFO [2024-12-06 13:49:34] $fill
INFO [2024-12-06 13:49:34] myCol
INFO [2024-12-06 13:49:34] 
INFO [2024-12-06 13:49:34] $alpha
INFO [2024-12-06 13:49:34] [1] 0.8
INFO [2024-12-06 13:49:34] 
INFO [2024-12-06 13:49:34] $filename
INFO [2024-12-06 13:49:34] [1] "docs/assets/ctwas_peaks_vs_gene.png"
INFO [2024-12-06 13:49:34] 
INFO [2024-12-06 13:49:34] $imagetype
INFO [2024-12-06 13:49:34] [1] "png"
INFO [2024-12-06 13:49:34] 
INFO [2024-12-06 13:49:34] $lty
INFO [2024-12-06 13:49:34] [1] "blank"
INFO [2024-12-06 13:49:34] 
INFO [2024-12-06 13:49:34] $cex
INFO [2024-12-06 13:49:34] [1] 3.5
INFO [2024-12-06 13:49:34] 
