INFO [2025-06-28 19:58:17] [[1]]
INFO [2025-06-28 19:58:17] list(cPeaks = peaks, eQTL = eres4$genename)
INFO [2025-06-28 19:58:17] 
INFO [2025-06-28 19:58:17] $fill
INFO [2025-06-28 19:58:17] myCol
INFO [2025-06-28 19:58:17] 
INFO [2025-06-28 19:58:17] $alpha
INFO [2025-06-28 19:58:17] [1] 0.8
INFO [2025-06-28 19:58:17] 
INFO [2025-06-28 19:58:17] $filename
INFO [2025-06-28 19:58:17] [1] "docs/assets/ctwas_peaks_vs_gene.png"
INFO [2025-06-28 19:58:17] 
INFO [2025-06-28 19:58:17] $imagetype
INFO [2025-06-28 19:58:17] [1] "png"
INFO [2025-06-28 19:58:17] 
INFO [2025-06-28 19:58:17] $lty
INFO [2025-06-28 19:58:17] [1] "blank"
INFO [2025-06-28 19:58:17] 
INFO [2025-06-28 19:58:17] $cex
INFO [2025-06-28 19:58:17] [1] 3.5
INFO [2025-06-28 19:58:17] 
