INFO [2024-11-14 13:47:29] [[1]]
INFO [2024-11-14 13:47:29] list(cPeaks = peaks, eQTL = eres4$genename)
INFO [2024-11-14 13:47:29] 
INFO [2024-11-14 13:47:29] $fill
INFO [2024-11-14 13:47:29] myCol
INFO [2024-11-14 13:47:29] 
INFO [2024-11-14 13:47:29] $alpha
INFO [2024-11-14 13:47:29] [1] 0.8
INFO [2024-11-14 13:47:29] 
INFO [2024-11-14 13:47:29] $filename
INFO [2024-11-14 13:47:29] [1] "docs/assets/ctwas_peaks_vs_gene.png"
INFO [2024-11-14 13:47:29] 
INFO [2024-11-14 13:47:29] $imagetype
INFO [2024-11-14 13:47:29] [1] "png"
INFO [2024-11-14 13:47:29] 
INFO [2024-11-14 13:47:29] $lty
INFO [2024-11-14 13:47:29] [1] "blank"
INFO [2024-11-14 13:47:29] 
INFO [2024-11-14 13:47:29] $cex
INFO [2024-11-14 13:47:29] [1] 3.5
INFO [2024-11-14 13:47:29] 
