INFO [2024-12-05 02:06:31] [[1]]
INFO [2024-12-05 02:06:31] list(cPeaks = peaks, eQTL = eres4$genename)
INFO [2024-12-05 02:06:31] 
INFO [2024-12-05 02:06:31] $fill
INFO [2024-12-05 02:06:31] myCol
INFO [2024-12-05 02:06:31] 
INFO [2024-12-05 02:06:31] $alpha
INFO [2024-12-05 02:06:31] [1] 0.8
INFO [2024-12-05 02:06:31] 
INFO [2024-12-05 02:06:31] $filename
INFO [2024-12-05 02:06:31] [1] "docs/assets/ctwas_peaks_vs_gene.png"
INFO [2024-12-05 02:06:31] 
INFO [2024-12-05 02:06:31] $imagetype
INFO [2024-12-05 02:06:31] [1] "png"
INFO [2024-12-05 02:06:31] 
INFO [2024-12-05 02:06:31] $lty
INFO [2024-12-05 02:06:31] [1] "blank"
INFO [2024-12-05 02:06:31] 
INFO [2024-12-05 02:06:31] $cex
INFO [2024-12-05 02:06:31] [1] 3.5
INFO [2024-12-05 02:06:31] 
