INFO [2024-10-31 22:23:07] [[1]]
INFO [2024-10-31 22:23:07] list(cPeaks = peaks, eQTL = eres4$genename)
INFO [2024-10-31 22:23:07] 
INFO [2024-10-31 22:23:07] $fill
INFO [2024-10-31 22:23:07] myCol
INFO [2024-10-31 22:23:07] 
INFO [2024-10-31 22:23:07] $alpha
INFO [2024-10-31 22:23:07] [1] 0.8
INFO [2024-10-31 22:23:07] 
INFO [2024-10-31 22:23:07] $filename
INFO [2024-10-31 22:23:07] [1] "docs/assets/ctwas_peaks_vs_gene.png"
INFO [2024-10-31 22:23:07] 
INFO [2024-10-31 22:23:07] $imagetype
INFO [2024-10-31 22:23:07] [1] "png"
INFO [2024-10-31 22:23:07] 
INFO [2024-10-31 22:23:07] $lty
INFO [2024-10-31 22:23:07] [1] "blank"
INFO [2024-10-31 22:23:07] 
INFO [2024-10-31 22:23:07] $cex
INFO [2024-10-31 22:23:07] [1] 2.5
INFO [2024-10-31 22:23:07] 
