INFO [2025-06-27 16:07:46] [[1]]
INFO [2025-06-27 16:07:46] list(cPeaks = peaks, eQTL = eres4$genename)
INFO [2025-06-27 16:07:46] 
INFO [2025-06-27 16:07:46] $fill
INFO [2025-06-27 16:07:46] myCol
INFO [2025-06-27 16:07:46] 
INFO [2025-06-27 16:07:46] $alpha
INFO [2025-06-27 16:07:46] [1] 0.8
INFO [2025-06-27 16:07:46] 
INFO [2025-06-27 16:07:46] $filename
INFO [2025-06-27 16:07:46] [1] "docs/assets/ctwas_peaks_vs_gene.png"
INFO [2025-06-27 16:07:46] 
INFO [2025-06-27 16:07:46] $imagetype
INFO [2025-06-27 16:07:46] [1] "png"
INFO [2025-06-27 16:07:46] 
INFO [2025-06-27 16:07:46] $lty
INFO [2025-06-27 16:07:46] [1] "blank"
INFO [2025-06-27 16:07:46] 
INFO [2025-06-27 16:07:46] $cex
INFO [2025-06-27 16:07:46] [1] 3.5
INFO [2025-06-27 16:07:46] 
