INFO [2024-12-06 14:07:25] [[1]]
INFO [2024-12-06 14:07:25] list(cPeaks = peaks, eQTL = eres4$genename)
INFO [2024-12-06 14:07:25] 
INFO [2024-12-06 14:07:25] $fill
INFO [2024-12-06 14:07:25] myCol
INFO [2024-12-06 14:07:25] 
INFO [2024-12-06 14:07:25] $alpha
INFO [2024-12-06 14:07:25] [1] 0.8
INFO [2024-12-06 14:07:25] 
INFO [2024-12-06 14:07:25] $filename
INFO [2024-12-06 14:07:25] [1] "docs/assets/ctwas_peaks_vs_gene.png"
INFO [2024-12-06 14:07:25] 
INFO [2024-12-06 14:07:25] $imagetype
INFO [2024-12-06 14:07:25] [1] "png"
INFO [2024-12-06 14:07:25] 
INFO [2024-12-06 14:07:25] $lty
INFO [2024-12-06 14:07:25] [1] "blank"
INFO [2024-12-06 14:07:25] 
INFO [2024-12-06 14:07:25] $cex
INFO [2024-12-06 14:07:25] [1] 3.5
INFO [2024-12-06 14:07:25] 
