INFO [2024-12-06 13:49:13] [[1]]
INFO [2024-12-06 13:49:13] list(cPeaks = peaks, eQTL = eres4$genename)
INFO [2024-12-06 13:49:13] 
INFO [2024-12-06 13:49:13] $fill
INFO [2024-12-06 13:49:13] myCol
INFO [2024-12-06 13:49:13] 
INFO [2024-12-06 13:49:13] $alpha
INFO [2024-12-06 13:49:13] [1] 0.8
INFO [2024-12-06 13:49:13] 
INFO [2024-12-06 13:49:13] $filename
INFO [2024-12-06 13:49:13] [1] "docs/assets/ctwas_peaks_vs_gene.png"
INFO [2024-12-06 13:49:13] 
INFO [2024-12-06 13:49:13] $imagetype
INFO [2024-12-06 13:49:13] [1] "png"
INFO [2024-12-06 13:49:13] 
INFO [2024-12-06 13:49:13] $lty
INFO [2024-12-06 13:49:13] [1] "blank"
INFO [2024-12-06 13:49:13] 
INFO [2024-12-06 13:49:13] $cex
INFO [2024-12-06 13:49:13] [1] 3.5
INFO [2024-12-06 13:49:13] 
