INFO [2024-12-05 02:06:51] [[1]]
INFO [2024-12-05 02:06:51] list(cPeaks = peaks, eQTL = eres4$genename)
INFO [2024-12-05 02:06:51] 
INFO [2024-12-05 02:06:51] $fill
INFO [2024-12-05 02:06:51] myCol
INFO [2024-12-05 02:06:51] 
INFO [2024-12-05 02:06:51] $alpha
INFO [2024-12-05 02:06:51] [1] 0.8
INFO [2024-12-05 02:06:51] 
INFO [2024-12-05 02:06:51] $filename
INFO [2024-12-05 02:06:51] [1] "docs/assets/ctwas_peaks_vs_gene.png"
INFO [2024-12-05 02:06:51] 
INFO [2024-12-05 02:06:51] $imagetype
INFO [2024-12-05 02:06:51] [1] "png"
INFO [2024-12-05 02:06:51] 
INFO [2024-12-05 02:06:51] $lty
INFO [2024-12-05 02:06:51] [1] "blank"
INFO [2024-12-05 02:06:51] 
INFO [2024-12-05 02:06:51] $cex
INFO [2024-12-05 02:06:51] [1] 3.5
INFO [2024-12-05 02:06:51] 
