INFO [2024-11-14 14:08:28] [[1]]
INFO [2024-11-14 14:08:28] list(cPeaks = peaks, eQTL = eres4$genename)
INFO [2024-11-14 14:08:28] 
INFO [2024-11-14 14:08:28] $fill
INFO [2024-11-14 14:08:28] myCol
INFO [2024-11-14 14:08:28] 
INFO [2024-11-14 14:08:28] $alpha
INFO [2024-11-14 14:08:28] [1] 0.8
INFO [2024-11-14 14:08:28] 
INFO [2024-11-14 14:08:28] $filename
INFO [2024-11-14 14:08:28] [1] "docs/assets/ctwas_peaks_vs_gene.png"
INFO [2024-11-14 14:08:28] 
INFO [2024-11-14 14:08:28] $imagetype
INFO [2024-11-14 14:08:28] [1] "png"
INFO [2024-11-14 14:08:28] 
INFO [2024-11-14 14:08:28] $lty
INFO [2024-11-14 14:08:28] [1] "blank"
INFO [2024-11-14 14:08:28] 
INFO [2024-11-14 14:08:28] $cex
INFO [2024-11-14 14:08:28] [1] 3.5
INFO [2024-11-14 14:08:28] 
