INFO [2024-12-06 13:47:03] [[1]]
INFO [2024-12-06 13:47:03] list(cPeaks = peaks, eQTL = eres4$genename)
INFO [2024-12-06 13:47:03] 
INFO [2024-12-06 13:47:03] $fill
INFO [2024-12-06 13:47:03] myCol
INFO [2024-12-06 13:47:03] 
INFO [2024-12-06 13:47:03] $alpha
INFO [2024-12-06 13:47:03] [1] 0.8
INFO [2024-12-06 13:47:03] 
INFO [2024-12-06 13:47:03] $filename
INFO [2024-12-06 13:47:03] [1] "docs/assets/ctwas_peaks_vs_gene.png"
INFO [2024-12-06 13:47:03] 
INFO [2024-12-06 13:47:03] $imagetype
INFO [2024-12-06 13:47:03] [1] "png"
INFO [2024-12-06 13:47:03] 
INFO [2024-12-06 13:47:03] $lty
INFO [2024-12-06 13:47:03] [1] "blank"
INFO [2024-12-06 13:47:03] 
INFO [2024-12-06 13:47:03] $cex
INFO [2024-12-06 13:47:03] [1] 3.5
INFO [2024-12-06 13:47:03] 
