INFO [2025-06-28 19:58:16] [[1]]
INFO [2025-06-28 19:58:16] list(cPeaks = peaks, eQTL = eres4$genename)
INFO [2025-06-28 19:58:16] 
INFO [2025-06-28 19:58:16] $fill
INFO [2025-06-28 19:58:16] myCol
INFO [2025-06-28 19:58:16] 
INFO [2025-06-28 19:58:16] $alpha
INFO [2025-06-28 19:58:16] [1] 0.8
INFO [2025-06-28 19:58:16] 
INFO [2025-06-28 19:58:16] $filename
INFO [2025-06-28 19:58:16] [1] "docs/assets/ctwas_peaks_vs_gene.png"
INFO [2025-06-28 19:58:16] 
INFO [2025-06-28 19:58:16] $imagetype
INFO [2025-06-28 19:58:16] [1] "png"
INFO [2025-06-28 19:58:16] 
INFO [2025-06-28 19:58:16] $lty
INFO [2025-06-28 19:58:16] [1] "blank"
INFO [2025-06-28 19:58:16] 
INFO [2025-06-28 19:58:16] $cex
INFO [2025-06-28 19:58:16] [1] 3.5
INFO [2025-06-28 19:58:16] 
