INFO [2024-12-02 13:09:37] [[1]]
INFO [2024-12-02 13:09:37] list(cPeaks = peaks, eQTL = eres4$genename)
INFO [2024-12-02 13:09:37] 
INFO [2024-12-02 13:09:37] $fill
INFO [2024-12-02 13:09:37] myCol
INFO [2024-12-02 13:09:37] 
INFO [2024-12-02 13:09:37] $alpha
INFO [2024-12-02 13:09:37] [1] 0.8
INFO [2024-12-02 13:09:37] 
INFO [2024-12-02 13:09:37] $filename
INFO [2024-12-02 13:09:37] [1] "docs/assets/ctwas_peaks_vs_gene.png"
INFO [2024-12-02 13:09:37] 
INFO [2024-12-02 13:09:37] $imagetype
INFO [2024-12-02 13:09:37] [1] "png"
INFO [2024-12-02 13:09:37] 
INFO [2024-12-02 13:09:37] $lty
INFO [2024-12-02 13:09:37] [1] "blank"
INFO [2024-12-02 13:09:37] 
INFO [2024-12-02 13:09:37] $cex
INFO [2024-12-02 13:09:37] [1] 3.5
INFO [2024-12-02 13:09:37] 
