INFO [2024-11-26 18:20:48] [[1]]
INFO [2024-11-26 18:20:48] list(cPeaks = peaks, eQTL = eres4$genename)
INFO [2024-11-26 18:20:48] 
INFO [2024-11-26 18:20:48] $fill
INFO [2024-11-26 18:20:48] myCol
INFO [2024-11-26 18:20:48] 
INFO [2024-11-26 18:20:48] $alpha
INFO [2024-11-26 18:20:48] [1] 0.8
INFO [2024-11-26 18:20:48] 
INFO [2024-11-26 18:20:48] $filename
INFO [2024-11-26 18:20:48] [1] "docs/assets/ctwas_peaks_vs_gene.png"
INFO [2024-11-26 18:20:48] 
INFO [2024-11-26 18:20:48] $imagetype
INFO [2024-11-26 18:20:48] [1] "png"
INFO [2024-11-26 18:20:48] 
INFO [2024-11-26 18:20:48] $lty
INFO [2024-11-26 18:20:48] [1] "blank"
INFO [2024-11-26 18:20:48] 
INFO [2024-11-26 18:20:48] $cex
INFO [2024-11-26 18:20:48] [1] 3.5
INFO [2024-11-26 18:20:48] 
