INFO [2024-12-06 14:20:23] [[1]]
INFO [2024-12-06 14:20:23] list(cPeaks = peaks, eQTL = eres4$genename)
INFO [2024-12-06 14:20:23] 
INFO [2024-12-06 14:20:23] $fill
INFO [2024-12-06 14:20:23] myCol
INFO [2024-12-06 14:20:23] 
INFO [2024-12-06 14:20:23] $alpha
INFO [2024-12-06 14:20:23] [1] 0.8
INFO [2024-12-06 14:20:23] 
INFO [2024-12-06 14:20:23] $filename
INFO [2024-12-06 14:20:23] [1] "docs/assets/ctwas_peaks_vs_gene.png"
INFO [2024-12-06 14:20:23] 
INFO [2024-12-06 14:20:23] $imagetype
INFO [2024-12-06 14:20:23] [1] "png"
INFO [2024-12-06 14:20:23] 
INFO [2024-12-06 14:20:23] $lty
INFO [2024-12-06 14:20:23] [1] "blank"
INFO [2024-12-06 14:20:23] 
INFO [2024-12-06 14:20:23] $cex
INFO [2024-12-06 14:20:23] [1] 3.5
INFO [2024-12-06 14:20:23] 
INFO [2024-12-06 14:20:23] [[1]]
INFO [2024-12-06 14:20:23] list(cPeaks = peaks, eQTL = eres4$genename)
INFO [2024-12-06 14:20:23] 
INFO [2024-12-06 14:20:23] $fill
INFO [2024-12-06 14:20:23] myCol
INFO [2024-12-06 14:20:23] 
INFO [2024-12-06 14:20:23] $alpha
INFO [2024-12-06 14:20:23] [1] 0.8
INFO [2024-12-06 14:20:23] 
INFO [2024-12-06 14:20:23] $filename
INFO [2024-12-06 14:20:23] [1] "docs/assets/ctwas_peaks_vs_gene.png"
INFO [2024-12-06 14:20:23] 
INFO [2024-12-06 14:20:23] $imagetype
INFO [2024-12-06 14:20:23] [1] "png"
INFO [2024-12-06 14:20:23] 
INFO [2024-12-06 14:20:23] $lty
INFO [2024-12-06 14:20:23] [1] "blank"
INFO [2024-12-06 14:20:23] 
INFO [2024-12-06 14:20:23] $cex
INFO [2024-12-06 14:20:23] [1] 3.5
INFO [2024-12-06 14:20:23] 
