INFO [2024-12-09 14:05:23] [[1]]
INFO [2024-12-09 14:05:23] list(GTEX_union = gtex.union, SCZ = res4$genename[res4$PIP_sum > 
INFO [2024-12-09 14:05:23]     0.8], GTEX_prefrontal_cortex = GTEx.gene[["Brain_Frontal_Cortex_BA9"]])
INFO [2024-12-09 14:05:23] 
INFO [2024-12-09 14:05:23] $lwd
INFO [2024-12-09 14:05:23] [1] 2
INFO [2024-12-09 14:05:23] 
INFO [2024-12-09 14:05:23] $fill
INFO [2024-12-09 14:05:23] myCol
INFO [2024-12-09 14:05:23] 
INFO [2024-12-09 14:05:23] $cex
INFO [2024-12-09 14:05:23] [1] 2
INFO [2024-12-09 14:05:23] 
INFO [2024-12-09 14:05:23] $fontface
INFO [2024-12-09 14:05:23] [1] "bold"
INFO [2024-12-09 14:05:23] 
INFO [2024-12-09 14:05:23] $fontfamily
INFO [2024-12-09 14:05:23] [1] "sans"
INFO [2024-12-09 14:05:23] 
INFO [2024-12-09 14:05:23] $imagetype
INFO [2024-12-09 14:05:23] [1] "svg"
INFO [2024-12-09 14:05:23] 
INFO [2024-12-09 14:05:23] $filename
INFO [2024-12-09 14:05:23] [1] "docs/assets/GTEx_vs_SCZ.svg"
INFO [2024-12-09 14:05:23] 
