INFO [2024-08-26 21:07:36] [[1]]
INFO [2024-08-26 21:07:36] list(GTEX_union = gtex.union, SCZ = res4$genename[res4$PIP_sum > 
INFO [2024-08-26 21:07:36]     0.8], GTEX_prefrontal_cortex = GTEx.gene[["Brain_Frontal_Cortex_BA9"]])
INFO [2024-08-26 21:07:36] 
INFO [2024-08-26 21:07:36] $lwd
INFO [2024-08-26 21:07:36] [1] 2
INFO [2024-08-26 21:07:36] 
INFO [2024-08-26 21:07:36] $fill
INFO [2024-08-26 21:07:36] myCol
INFO [2024-08-26 21:07:36] 
INFO [2024-08-26 21:07:36] $cex
INFO [2024-08-26 21:07:36] [1] 2
INFO [2024-08-26 21:07:36] 
INFO [2024-08-26 21:07:36] $fontface
INFO [2024-08-26 21:07:36] [1] "bold"
INFO [2024-08-26 21:07:36] 
INFO [2024-08-26 21:07:36] $fontfamily
INFO [2024-08-26 21:07:36] [1] "sans"
INFO [2024-08-26 21:07:36] 
INFO [2024-08-26 21:07:36] $imagetype
INFO [2024-08-26 21:07:36] [1] "tiff"
INFO [2024-08-26 21:07:36] 
INFO [2024-08-26 21:07:36] $filename
INFO [2024-08-26 21:07:36] [1] "docs/assets/GTEx_vs_SCZ.tiff"
INFO [2024-08-26 21:07:36] 
