INFO [2024-12-13 12:28:17] [[1]]
INFO [2024-12-13 12:28:17] list(GTEX_union = gtex.union, SCZ = res4$genename[res4$PIP_sum > 
INFO [2024-12-13 12:28:17]     0.8], GTEX_prefrontal_cortex = GTEx.gene[["Brain_Frontal_Cortex_BA9"]])
INFO [2024-12-13 12:28:17] 
INFO [2024-12-13 12:28:17] $lwd
INFO [2024-12-13 12:28:17] [1] 2
INFO [2024-12-13 12:28:17] 
INFO [2024-12-13 12:28:17] $fill
INFO [2024-12-13 12:28:17] myCol
INFO [2024-12-13 12:28:17] 
INFO [2024-12-13 12:28:17] $cex
INFO [2024-12-13 12:28:17] [1] 2
INFO [2024-12-13 12:28:17] 
INFO [2024-12-13 12:28:17] $fontface
INFO [2024-12-13 12:28:17] [1] "bold"
INFO [2024-12-13 12:28:17] 
INFO [2024-12-13 12:28:17] $fontfamily
INFO [2024-12-13 12:28:17] [1] "sans"
INFO [2024-12-13 12:28:17] 
INFO [2024-12-13 12:28:17] $imagetype
INFO [2024-12-13 12:28:17] [1] "svg"
INFO [2024-12-13 12:28:17] 
INFO [2024-12-13 12:28:17] $filename
INFO [2024-12-13 12:28:17] [1] "docs/assets/GTEx_vs_SCZ.svg"
INFO [2024-12-13 12:28:17] 
