INFO [2024-09-19 17:40:34] [[1]]
INFO [2024-09-19 17:40:34] list(GTEX_union = gtex.union, SCZ = res4$genename[res4$PIP_sum > 
INFO [2024-09-19 17:40:34]     0.8], GTEX_prefrontal_cortex = GTEx.gene[["Brain_Frontal_Cortex_BA9"]])
INFO [2024-09-19 17:40:34] 
INFO [2024-09-19 17:40:34] $lwd
INFO [2024-09-19 17:40:34] [1] 2
INFO [2024-09-19 17:40:34] 
INFO [2024-09-19 17:40:34] $fill
INFO [2024-09-19 17:40:34] myCol
INFO [2024-09-19 17:40:34] 
INFO [2024-09-19 17:40:34] $cex
INFO [2024-09-19 17:40:34] [1] 2
INFO [2024-09-19 17:40:34] 
INFO [2024-09-19 17:40:34] $fontface
INFO [2024-09-19 17:40:34] [1] "bold"
INFO [2024-09-19 17:40:34] 
INFO [2024-09-19 17:40:34] $fontfamily
INFO [2024-09-19 17:40:34] [1] "sans"
INFO [2024-09-19 17:40:34] 
INFO [2024-09-19 17:40:34] $imagetype
INFO [2024-09-19 17:40:34] [1] "tiff"
INFO [2024-09-19 17:40:34] 
INFO [2024-09-19 17:40:34] $filename
INFO [2024-09-19 17:40:34] [1] "docs/assets/GTEx_vs_SCZ.tiff"
INFO [2024-09-19 17:40:34] 
