INFO [2024-12-13 12:28:49] [[1]]
INFO [2024-12-13 12:28:49] list(GTEX_union = gtex.union, SCZ = res4$genename[res4$PIP_sum > 
INFO [2024-12-13 12:28:49]     0.8], GTEX_prefrontal_cortex = GTEx.gene[["Brain_Frontal_Cortex_BA9"]])
INFO [2024-12-13 12:28:49] 
INFO [2024-12-13 12:28:49] $lwd
INFO [2024-12-13 12:28:49] [1] 2
INFO [2024-12-13 12:28:49] 
INFO [2024-12-13 12:28:49] $fill
INFO [2024-12-13 12:28:49] myCol
INFO [2024-12-13 12:28:49] 
INFO [2024-12-13 12:28:49] $cex
INFO [2024-12-13 12:28:49] [1] 2
INFO [2024-12-13 12:28:49] 
INFO [2024-12-13 12:28:49] $fontface
INFO [2024-12-13 12:28:49] [1] "bold"
INFO [2024-12-13 12:28:49] 
INFO [2024-12-13 12:28:49] $fontfamily
INFO [2024-12-13 12:28:49] [1] "sans"
INFO [2024-12-13 12:28:49] 
INFO [2024-12-13 12:28:49] $imagetype
INFO [2024-12-13 12:28:49] [1] "svg"
INFO [2024-12-13 12:28:49] 
INFO [2024-12-13 12:28:49] $filename
INFO [2024-12-13 12:28:49] [1] "docs/assets/GTEx_vs_SCZ.svg"
INFO [2024-12-13 12:28:49] 
