INFO [2024-08-29 16:31:25] [[1]]
INFO [2024-08-29 16:31:25] list(GTEX_union = gtex.union, SCZ = res4$genename[res4$PIP_sum > 
INFO [2024-08-29 16:31:25]     0.8], GTEX_prefrontal_cortex = GTEx.gene[["Brain_Frontal_Cortex_BA9"]])
INFO [2024-08-29 16:31:25] 
INFO [2024-08-29 16:31:25] $lwd
INFO [2024-08-29 16:31:25] [1] 2
INFO [2024-08-29 16:31:25] 
INFO [2024-08-29 16:31:25] $fill
INFO [2024-08-29 16:31:25] myCol
INFO [2024-08-29 16:31:25] 
INFO [2024-08-29 16:31:25] $cex
INFO [2024-08-29 16:31:25] [1] 2
INFO [2024-08-29 16:31:25] 
INFO [2024-08-29 16:31:25] $fontface
INFO [2024-08-29 16:31:25] [1] "bold"
INFO [2024-08-29 16:31:25] 
INFO [2024-08-29 16:31:25] $fontfamily
INFO [2024-08-29 16:31:25] [1] "sans"
INFO [2024-08-29 16:31:25] 
INFO [2024-08-29 16:31:25] $imagetype
INFO [2024-08-29 16:31:25] [1] "tiff"
INFO [2024-08-29 16:31:25] 
INFO [2024-08-29 16:31:25] $filename
INFO [2024-08-29 16:31:25] [1] "docs/assets/GTEx_vs_SCZ.tiff"
INFO [2024-08-29 16:31:25] 
