INFO [2024-09-19 16:29:45] [[1]]
INFO [2024-09-19 16:29:45] list(GTEX_union = gtex.union, SCZ = res4$genename[res4$PIP_sum > 
INFO [2024-09-19 16:29:45]     0.8], GTEX_prefrontal_cortex = GTEx.gene[["Brain_Frontal_Cortex_BA9"]])
INFO [2024-09-19 16:29:45] 
INFO [2024-09-19 16:29:45] $lwd
INFO [2024-09-19 16:29:45] [1] 2
INFO [2024-09-19 16:29:45] 
INFO [2024-09-19 16:29:45] $fill
INFO [2024-09-19 16:29:45] myCol
INFO [2024-09-19 16:29:45] 
INFO [2024-09-19 16:29:45] $cex
INFO [2024-09-19 16:29:45] [1] 2
INFO [2024-09-19 16:29:45] 
INFO [2024-09-19 16:29:45] $fontface
INFO [2024-09-19 16:29:45] [1] "bold"
INFO [2024-09-19 16:29:45] 
INFO [2024-09-19 16:29:45] $fontfamily
INFO [2024-09-19 16:29:45] [1] "sans"
INFO [2024-09-19 16:29:45] 
INFO [2024-09-19 16:29:45] $imagetype
INFO [2024-09-19 16:29:45] [1] "tiff"
INFO [2024-09-19 16:29:45] 
INFO [2024-09-19 16:29:45] $filename
INFO [2024-09-19 16:29:45] [1] "docs/assets/GTEx_vs_SCZ.tiff"
INFO [2024-09-19 16:29:45] 
