INFO [2024-08-26 21:06:48] [[1]]
INFO [2024-08-26 21:06:48] list(GTEX_union = gtex.union, SCZ = res4$genename, GTEX_prefrontal_cortex = GTEx.gene[["Brain_Frontal_Cortex_BA9"]])
INFO [2024-08-26 21:06:48] 
INFO [2024-08-26 21:06:48] $lwd
INFO [2024-08-26 21:06:48] [1] 2
INFO [2024-08-26 21:06:48] 
INFO [2024-08-26 21:06:48] $fill
INFO [2024-08-26 21:06:48] myCol
INFO [2024-08-26 21:06:48] 
INFO [2024-08-26 21:06:48] $cex
INFO [2024-08-26 21:06:48] [1] 2
INFO [2024-08-26 21:06:48] 
INFO [2024-08-26 21:06:48] $fontface
INFO [2024-08-26 21:06:48] [1] "bold"
INFO [2024-08-26 21:06:48] 
INFO [2024-08-26 21:06:48] $fontfamily
INFO [2024-08-26 21:06:48] [1] "sans"
INFO [2024-08-26 21:06:48] 
INFO [2024-08-26 21:06:48] $imagetype
INFO [2024-08-26 21:06:48] [1] "tiff"
INFO [2024-08-26 21:06:48] 
INFO [2024-08-26 21:06:48] $filename
INFO [2024-08-26 21:06:48] [1] "docs/assets/GTEx_vs_SCZ.tiff"
INFO [2024-08-26 21:06:48] 
