INFO [2024-11-25 20:16:41] [[1]]
INFO [2024-11-25 20:16:41] list(GTEX_union = gtex.union, SCZ = res4$genename[res4$PIP_sum > 
INFO [2024-11-25 20:16:41]     0.8], GTEX_prefrontal_cortex = GTEx.gene[["Brain_Frontal_Cortex_BA9"]])
INFO [2024-11-25 20:16:41] 
INFO [2024-11-25 20:16:41] $lwd
INFO [2024-11-25 20:16:41] [1] 2
INFO [2024-11-25 20:16:41] 
INFO [2024-11-25 20:16:41] $fill
INFO [2024-11-25 20:16:41] myCol
INFO [2024-11-25 20:16:41] 
INFO [2024-11-25 20:16:41] $cex
INFO [2024-11-25 20:16:41] [1] 2
INFO [2024-11-25 20:16:41] 
INFO [2024-11-25 20:16:41] $fontface
INFO [2024-11-25 20:16:41] [1] "bold"
INFO [2024-11-25 20:16:41] 
INFO [2024-11-25 20:16:41] $fontfamily
INFO [2024-11-25 20:16:41] [1] "sans"
INFO [2024-11-25 20:16:41] 
INFO [2024-11-25 20:16:41] $imagetype
INFO [2024-11-25 20:16:41] [1] "tiff"
INFO [2024-11-25 20:16:41] 
INFO [2024-11-25 20:16:41] $filename
INFO [2024-11-25 20:16:41] [1] "docs/assets/GTEx_vs_SCZ.tiff"
INFO [2024-11-25 20:16:41] 
