INFO [2024-11-25 20:21:30] [[1]]
INFO [2024-11-25 20:21:30] list(GTEX_union = gtex.union, SCZ = res4$genename[res4$PIP_sum > 
INFO [2024-11-25 20:21:30]     0.8], GTEX_prefrontal_cortex = GTEx.gene[["Brain_Frontal_Cortex_BA9"]])
INFO [2024-11-25 20:21:30] 
INFO [2024-11-25 20:21:30] $lwd
INFO [2024-11-25 20:21:30] [1] 2
INFO [2024-11-25 20:21:30] 
INFO [2024-11-25 20:21:30] $fill
INFO [2024-11-25 20:21:30] myCol
INFO [2024-11-25 20:21:30] 
INFO [2024-11-25 20:21:30] $cex
INFO [2024-11-25 20:21:30] [1] 2
INFO [2024-11-25 20:21:30] 
INFO [2024-11-25 20:21:30] $fontface
INFO [2024-11-25 20:21:30] [1] "bold"
INFO [2024-11-25 20:21:30] 
INFO [2024-11-25 20:21:30] $fontfamily
INFO [2024-11-25 20:21:30] [1] "sans"
INFO [2024-11-25 20:21:30] 
INFO [2024-11-25 20:21:30] $imagetype
INFO [2024-11-25 20:21:30] [1] "tiff"
INFO [2024-11-25 20:21:30] 
INFO [2024-11-25 20:21:30] $filename
INFO [2024-11-25 20:21:30] [1] "docs/assets/GTEx_vs_SCZ.svg"
INFO [2024-11-25 20:21:30] 
