INFO [2024-11-26 16:06:19] [[1]]
INFO [2024-11-26 16:06:19] list(GTEX_union = gtex.union, SCZ = res4$genename[res4$PIP_sum > 
INFO [2024-11-26 16:06:19]     0.8], GTEX_prefrontal_cortex = GTEx.gene[["Brain_Frontal_Cortex_BA9"]])
INFO [2024-11-26 16:06:19] 
INFO [2024-11-26 16:06:19] $lwd
INFO [2024-11-26 16:06:19] [1] 2
INFO [2024-11-26 16:06:19] 
INFO [2024-11-26 16:06:19] $fill
INFO [2024-11-26 16:06:19] myCol
INFO [2024-11-26 16:06:19] 
INFO [2024-11-26 16:06:19] $cex
INFO [2024-11-26 16:06:19] [1] 2
INFO [2024-11-26 16:06:19] 
INFO [2024-11-26 16:06:19] $fontface
INFO [2024-11-26 16:06:19] [1] "bold"
INFO [2024-11-26 16:06:19] 
INFO [2024-11-26 16:06:19] $fontfamily
INFO [2024-11-26 16:06:19] [1] "sans"
INFO [2024-11-26 16:06:19] 
INFO [2024-11-26 16:06:19] $imagetype
INFO [2024-11-26 16:06:19] [1] "svg"
INFO [2024-11-26 16:06:19] 
INFO [2024-11-26 16:06:19] $filename
INFO [2024-11-26 16:06:19] [1] "docs/assets/GTEx_vs_SCZ.svg"
INFO [2024-11-26 16:06:19] 
