INFO [2024-11-25 20:16:48] [[1]]
INFO [2024-11-25 20:16:48] list(GTEX_union = gtex.union, SCZ = res4$genename[res4$PIP_sum > 
INFO [2024-11-25 20:16:48]     0.8], GTEX_prefrontal_cortex = GTEx.gene[["Brain_Frontal_Cortex_BA9"]])
INFO [2024-11-25 20:16:48] 
INFO [2024-11-25 20:16:48] $lwd
INFO [2024-11-25 20:16:48] [1] 2
INFO [2024-11-25 20:16:48] 
INFO [2024-11-25 20:16:48] $fill
INFO [2024-11-25 20:16:48] myCol
INFO [2024-11-25 20:16:48] 
INFO [2024-11-25 20:16:48] $cex
INFO [2024-11-25 20:16:48] [1] 2
INFO [2024-11-25 20:16:48] 
INFO [2024-11-25 20:16:48] $fontface
INFO [2024-11-25 20:16:48] [1] "bold"
INFO [2024-11-25 20:16:48] 
INFO [2024-11-25 20:16:48] $fontfamily
INFO [2024-11-25 20:16:48] [1] "sans"
INFO [2024-11-25 20:16:48] 
INFO [2024-11-25 20:16:48] $imagetype
INFO [2024-11-25 20:16:48] [1] "tiff"
INFO [2024-11-25 20:16:48] 
INFO [2024-11-25 20:16:48] $filename
INFO [2024-11-25 20:16:48] [1] "docs/assets/GTEx_vs_SCZ.svg"
INFO [2024-11-25 20:16:48] 
