INFO [2024-09-19 17:37:28] [[1]]
INFO [2024-09-19 17:37:28] list(GTEX_union = gtex.union, SCZ = res4$genename[res4$PIP_sum > 
INFO [2024-09-19 17:37:28]     0.8], GTEX_prefrontal_cortex = GTEx.gene[["Brain_Frontal_Cortex_BA9"]])
INFO [2024-09-19 17:37:28] 
INFO [2024-09-19 17:37:28] $lwd
INFO [2024-09-19 17:37:28] [1] 2
INFO [2024-09-19 17:37:28] 
INFO [2024-09-19 17:37:28] $fill
INFO [2024-09-19 17:37:28] myCol
INFO [2024-09-19 17:37:28] 
INFO [2024-09-19 17:37:28] $cex
INFO [2024-09-19 17:37:28] [1] 2
INFO [2024-09-19 17:37:28] 
INFO [2024-09-19 17:37:28] $fontface
INFO [2024-09-19 17:37:28] [1] "bold"
INFO [2024-09-19 17:37:28] 
INFO [2024-09-19 17:37:28] $fontfamily
INFO [2024-09-19 17:37:28] [1] "sans"
INFO [2024-09-19 17:37:28] 
INFO [2024-09-19 17:37:28] $imagetype
INFO [2024-09-19 17:37:28] [1] "tiff"
INFO [2024-09-19 17:37:28] 
INFO [2024-09-19 17:37:28] $filename
INFO [2024-09-19 17:37:28] [1] "docs/assets/GTEx_vs_SCZ.tiff"
INFO [2024-09-19 17:37:28] 
