INFO [2024-11-26 16:06:00] [[1]]
INFO [2024-11-26 16:06:00] list(GTEX_union = gtex.union, SCZ = res4$genename[res4$PIP_sum > 
INFO [2024-11-26 16:06:00]     0.8], GTEX_prefrontal_cortex = GTEx.gene[["Brain_Frontal_Cortex_BA9"]])
INFO [2024-11-26 16:06:00] 
INFO [2024-11-26 16:06:00] $lwd
INFO [2024-11-26 16:06:00] [1] 2
INFO [2024-11-26 16:06:00] 
INFO [2024-11-26 16:06:00] $fill
INFO [2024-11-26 16:06:00] myCol
INFO [2024-11-26 16:06:00] 
INFO [2024-11-26 16:06:00] $cex
INFO [2024-11-26 16:06:00] [1] 2
INFO [2024-11-26 16:06:00] 
INFO [2024-11-26 16:06:00] $fontface
INFO [2024-11-26 16:06:00] [1] "bold"
INFO [2024-11-26 16:06:00] 
INFO [2024-11-26 16:06:00] $fontfamily
INFO [2024-11-26 16:06:00] [1] "sans"
INFO [2024-11-26 16:06:00] 
INFO [2024-11-26 16:06:00] $imagetype
INFO [2024-11-26 16:06:00] [1] "tiff"
INFO [2024-11-26 16:06:00] 
INFO [2024-11-26 16:06:00] $filename
INFO [2024-11-26 16:06:00] [1] "docs/assets/GTEx_vs_SCZ.svg"
INFO [2024-11-26 16:06:00] 
