INFO [2023-11-09 14:19:07] [[1]]
INFO [2023-11-09 14:19:07] list(GABA.pip1$genename, nmglut.pip1$genename, npglut.pip1$genename)
INFO [2023-11-09 14:19:07] 
INFO [2023-11-09 14:19:07] $filename
INFO [2023-11-09 14:19:07] [1] "docs/assets/venn_egenes.png"
INFO [2023-11-09 14:19:07] 
INFO [2023-11-09 14:19:07] $category.names
INFO [2023-11-09 14:19:07] c("GABA", "nmglut", "npglut")
INFO [2023-11-09 14:19:07] 
INFO [2023-11-09 14:19:07] $output
INFO [2023-11-09 14:19:07] T
INFO [2023-11-09 14:19:07] 
INFO [2023-11-09 14:19:07] $fill
INFO [2023-11-09 14:19:07] myCol
INFO [2023-11-09 14:19:07] 
INFO [2023-11-09 14:19:07] $lty
INFO [2023-11-09 14:19:07] [1] "blank"
INFO [2023-11-09 14:19:07] 
INFO [2023-11-09 14:19:07] $lwd
INFO [2023-11-09 14:19:07] [1] 2
INFO [2023-11-09 14:19:07] 
INFO [2023-11-09 14:19:07] $cat.fontface
INFO [2023-11-09 14:19:07] [1] "bold"
INFO [2023-11-09 14:19:07] 
INFO [2023-11-09 14:19:07] $fontface
INFO [2023-11-09 14:19:07] [1] "bold"
INFO [2023-11-09 14:19:07] 
INFO [2023-11-09 14:19:07] $cex
INFO [2023-11-09 14:19:07] [1] 2
INFO [2023-11-09 14:19:07] 
INFO [2023-11-09 14:19:07] $cat.cex
INFO [2023-11-09 14:19:07] [1] 2
INFO [2023-11-09 14:19:07] 
INFO [2023-11-09 14:19:07] $cat.fontfamily
INFO [2023-11-09 14:19:07] [1] "sans"
INFO [2023-11-09 14:19:07] 
INFO [2023-11-09 14:19:07] $fontfamily
INFO [2023-11-09 14:19:07] [1] "sans"
INFO [2023-11-09 14:19:07] 
