INFO [2023-11-27 15:53:04] [[1]]
INFO [2023-11-27 15:53:04] list(GABA.pip1$genename, nmglut.pip1$genename, npglut.pip1$genename)
INFO [2023-11-27 15:53:04] 
INFO [2023-11-27 15:53:04] $filename
INFO [2023-11-27 15:53:04] [1] "docs/assets/venn_egenes.svg"
INFO [2023-11-27 15:53:04] 
INFO [2023-11-27 15:53:04] $category.names
INFO [2023-11-27 15:53:04] c("GABA", "nmglut", "npglut")
INFO [2023-11-27 15:53:04] 
INFO [2023-11-27 15:53:04] $output
INFO [2023-11-27 15:53:04] T
INFO [2023-11-27 15:53:04] 
INFO [2023-11-27 15:53:04] $fill
INFO [2023-11-27 15:53:04] myCol
INFO [2023-11-27 15:53:04] 
INFO [2023-11-27 15:53:04] $lty
INFO [2023-11-27 15:53:04] [1] "blank"
INFO [2023-11-27 15:53:04] 
INFO [2023-11-27 15:53:04] $lwd
INFO [2023-11-27 15:53:04] [1] 2
INFO [2023-11-27 15:53:04] 
INFO [2023-11-27 15:53:04] $cat.fontface
INFO [2023-11-27 15:53:04] [1] "bold"
INFO [2023-11-27 15:53:04] 
INFO [2023-11-27 15:53:04] $fontface
INFO [2023-11-27 15:53:04] [1] "bold"
INFO [2023-11-27 15:53:04] 
INFO [2023-11-27 15:53:04] $cex
INFO [2023-11-27 15:53:04] [1] 2
INFO [2023-11-27 15:53:04] 
INFO [2023-11-27 15:53:04] $cat.cex
INFO [2023-11-27 15:53:04] [1] 2
INFO [2023-11-27 15:53:04] 
INFO [2023-11-27 15:53:04] $cat.fontfamily
INFO [2023-11-27 15:53:04] [1] "sans"
INFO [2023-11-27 15:53:04] 
INFO [2023-11-27 15:53:04] $fontfamily
INFO [2023-11-27 15:53:04] [1] "sans"
INFO [2023-11-27 15:53:04] 
