INFO [2023-11-27 16:25:20] [[1]]
INFO [2023-11-27 16:25:20] list(GABA.pip1$genename, nmglut.pip1$genename, npglut.pip1$genename)
INFO [2023-11-27 16:25:20] 
INFO [2023-11-27 16:25:20] $filename
INFO [2023-11-27 16:25:20] [1] "docs/assets/venn_egenes.svg"
INFO [2023-11-27 16:25:20] 
INFO [2023-11-27 16:25:20] $category.names
INFO [2023-11-27 16:25:20] c("GABA", "nmglut", "npglut")
INFO [2023-11-27 16:25:20] 
INFO [2023-11-27 16:25:20] $output
INFO [2023-11-27 16:25:20] T
INFO [2023-11-27 16:25:20] 
INFO [2023-11-27 16:25:20] $fill
INFO [2023-11-27 16:25:20] myCol
INFO [2023-11-27 16:25:20] 
INFO [2023-11-27 16:25:20] $lty
INFO [2023-11-27 16:25:20] [1] "blank"
INFO [2023-11-27 16:25:20] 
INFO [2023-11-27 16:25:20] $lwd
INFO [2023-11-27 16:25:20] [1] 2
INFO [2023-11-27 16:25:20] 
INFO [2023-11-27 16:25:20] $cat.fontface
INFO [2023-11-27 16:25:20] [1] "bold"
INFO [2023-11-27 16:25:20] 
INFO [2023-11-27 16:25:20] $fontface
INFO [2023-11-27 16:25:20] [1] "bold"
INFO [2023-11-27 16:25:20] 
INFO [2023-11-27 16:25:20] $cex
INFO [2023-11-27 16:25:20] [1] 2
INFO [2023-11-27 16:25:20] 
INFO [2023-11-27 16:25:20] $cat.cex
INFO [2023-11-27 16:25:20] [1] 2
INFO [2023-11-27 16:25:20] 
INFO [2023-11-27 16:25:20] $cat.fontfamily
INFO [2023-11-27 16:25:20] [1] "sans"
INFO [2023-11-27 16:25:20] 
INFO [2023-11-27 16:25:20] $fontfamily
INFO [2023-11-27 16:25:20] [1] "sans"
INFO [2023-11-27 16:25:20] 
