INFO [2023-11-09 14:25:52] [[1]]
INFO [2023-11-09 14:25:52] list(GABA.pip1$genename, nmglut.pip1$genename, npglut.pip1$genename)
INFO [2023-11-09 14:25:52] 
INFO [2023-11-09 14:25:52] $filename
INFO [2023-11-09 14:25:52] [1] "docs/assets/venn_egenes.svg"
INFO [2023-11-09 14:25:52] 
INFO [2023-11-09 14:25:52] $category.names
INFO [2023-11-09 14:25:52] c("GABA", "nmglut", "npglut")
INFO [2023-11-09 14:25:52] 
INFO [2023-11-09 14:25:52] $output
INFO [2023-11-09 14:25:52] T
INFO [2023-11-09 14:25:52] 
INFO [2023-11-09 14:25:52] $fill
INFO [2023-11-09 14:25:52] myCol
INFO [2023-11-09 14:25:52] 
INFO [2023-11-09 14:25:52] $lty
INFO [2023-11-09 14:25:52] [1] "blank"
INFO [2023-11-09 14:25:52] 
INFO [2023-11-09 14:25:52] $lwd
INFO [2023-11-09 14:25:52] [1] 2
INFO [2023-11-09 14:25:52] 
INFO [2023-11-09 14:25:52] $cat.fontface
INFO [2023-11-09 14:25:52] [1] "bold"
INFO [2023-11-09 14:25:52] 
INFO [2023-11-09 14:25:52] $fontface
INFO [2023-11-09 14:25:52] [1] "bold"
INFO [2023-11-09 14:25:52] 
INFO [2023-11-09 14:25:52] $cex
INFO [2023-11-09 14:25:52] [1] 2
INFO [2023-11-09 14:25:52] 
INFO [2023-11-09 14:25:52] $cat.cex
INFO [2023-11-09 14:25:52] [1] 2
INFO [2023-11-09 14:25:52] 
INFO [2023-11-09 14:25:52] $cat.fontfamily
INFO [2023-11-09 14:25:52] [1] "sans"
INFO [2023-11-09 14:25:52] 
INFO [2023-11-09 14:25:52] $fontfamily
INFO [2023-11-09 14:25:52] [1] "sans"
INFO [2023-11-09 14:25:52] 
