INFO [2023-11-09 14:24:58] [[1]]
INFO [2023-11-09 14:24:58] list(GABA.pip1$genename, nmglut.pip1$genename, npglut.pip1$genename)
INFO [2023-11-09 14:24:58] 
INFO [2023-11-09 14:24:58] $filename
INFO [2023-11-09 14:24:58] [1] "docs/assets/venn_egenes.svg"
INFO [2023-11-09 14:24:58] 
INFO [2023-11-09 14:24:58] $category.names
INFO [2023-11-09 14:24:58] c("GABA", "nmglut", "npglut")
INFO [2023-11-09 14:24:58] 
INFO [2023-11-09 14:24:58] $output
INFO [2023-11-09 14:24:58] T
INFO [2023-11-09 14:24:58] 
INFO [2023-11-09 14:24:58] $fill
INFO [2023-11-09 14:24:58] myCol
INFO [2023-11-09 14:24:58] 
INFO [2023-11-09 14:24:58] $lty
INFO [2023-11-09 14:24:58] [1] "blank"
INFO [2023-11-09 14:24:58] 
INFO [2023-11-09 14:24:58] $lwd
INFO [2023-11-09 14:24:58] [1] 2
INFO [2023-11-09 14:24:58] 
INFO [2023-11-09 14:24:58] $cat.fontface
INFO [2023-11-09 14:24:58] [1] "bold"
INFO [2023-11-09 14:24:58] 
INFO [2023-11-09 14:24:58] $fontface
INFO [2023-11-09 14:24:58] [1] "bold"
INFO [2023-11-09 14:24:58] 
INFO [2023-11-09 14:24:58] $cex
INFO [2023-11-09 14:24:58] [1] 2
INFO [2023-11-09 14:24:58] 
INFO [2023-11-09 14:24:58] $cat.cex
INFO [2023-11-09 14:24:58] [1] 2
INFO [2023-11-09 14:24:58] 
INFO [2023-11-09 14:24:58] $cat.fontfamily
INFO [2023-11-09 14:24:58] [1] "sans"
INFO [2023-11-09 14:24:58] 
INFO [2023-11-09 14:24:58] $fontfamily
INFO [2023-11-09 14:24:58] [1] "sans"
INFO [2023-11-09 14:24:58] 
