INFO [2023-11-09 14:11:29] [[1]]
INFO [2023-11-09 14:11:29] list(GABA.pip1$genename, nmglut.pip1$genename, npglut.pip1$genename)
INFO [2023-11-09 14:11:29] 
INFO [2023-11-09 14:11:29] $filename
INFO [2023-11-09 14:11:29] [1] "docs/assets/venn_egenes.png"
INFO [2023-11-09 14:11:29] 
INFO [2023-11-09 14:11:29] $category.names
INFO [2023-11-09 14:11:29] c("GABA", "nmglut", "npglut")
INFO [2023-11-09 14:11:29] 
INFO [2023-11-09 14:11:29] $output
INFO [2023-11-09 14:11:29] T
INFO [2023-11-09 14:11:29] 
INFO [2023-11-09 14:11:29] $fill
INFO [2023-11-09 14:11:29] myCol
INFO [2023-11-09 14:11:29] 
INFO [2023-11-09 14:11:29] $lty
INFO [2023-11-09 14:11:29] [1] "blank"
INFO [2023-11-09 14:11:29] 
INFO [2023-11-09 14:11:29] $lwd
INFO [2023-11-09 14:11:29] [1] 2
INFO [2023-11-09 14:11:29] 
INFO [2023-11-09 14:11:29] $cat.fontface
INFO [2023-11-09 14:11:29] [1] "bold"
INFO [2023-11-09 14:11:29] 
INFO [2023-11-09 14:11:29] $fontface
INFO [2023-11-09 14:11:29] [1] "bold"
INFO [2023-11-09 14:11:29] 
INFO [2023-11-09 14:11:29] $cex
INFO [2023-11-09 14:11:29] [1] 2
INFO [2023-11-09 14:11:29] 
INFO [2023-11-09 14:11:29] $cat.cex
INFO [2023-11-09 14:11:29] [1] 2
INFO [2023-11-09 14:11:29] 
INFO [2023-11-09 14:11:29] $cat.fontfamily
INFO [2023-11-09 14:11:29] [1] "sans"
INFO [2023-11-09 14:11:29] 
INFO [2023-11-09 14:11:29] $fontfamily
INFO [2023-11-09 14:11:29] [1] "sans"
INFO [2023-11-09 14:11:29] 
